<html>
<head>
<title>TestNG:  FirefoxTest</title>
<link href="../testng.css" rel="stylesheet" type="text/css" />
<link href="../my-testng.css" rel="stylesheet" type="text/css" />

<style type="text/css">
.log { display: none;} 
.stack-trace { display: none;} 
</style>
<script type="text/javascript">
<!--
function flip(e) {
  current = e.style.display;
  if (current == 'block') {
    e.style.display = 'none';
    return 0;
  }
  else {
    e.style.display = 'block';
    return 1;
  }
}

function toggleBox(szDivId, elem, msg1, msg2)
{
  var res = -1;  if (document.getElementById) {
    res = flip(document.getElementById(szDivId));
  }
  else if (document.all) {
    // this is the way old msie versions work
    res = flip(document.all[szDivId]);
  }
  if(elem) {
    if(res == 0) elem.innerHTML = msg1; else elem.innerHTML = msg2;
  }

}

function toggleAllBoxes() {
  if (document.getElementsByTagName) {
    d = document.getElementsByTagName('div');
    for (i = 0; i < d.length; i++) {
      if (d[i].className == 'log') {
        flip(d[i]);
      }
    }
  }
}

// -->
</script>

</head>
<body>
<h2 align='center'>FirefoxTest</h2><table border='1' align="center">
<tr>
<td>Tests passed/Failed/Skipped:</td><td>0/1/0</td>
</tr><tr>
<td>Started on:</td><td>Tue May 16 16:56:10 EDT 2023</td>
</tr>
<tr><td>Total time:</td><td>32 seconds (32319 ms)</td>
</tr><tr>
<td>Included groups:</td><td></td>
</tr><tr>
<td>Excluded groups:</td><td></td>
</tr>
</table><p/>
<small><i>(Hover the method name to see the test class name)</i></small><p/>
<table width='100%' border='1' class='invocation-failed'>
<tr><td colspan='4' align='center'><b>FAILED TESTS</b></td></tr>
<tr><td><b>Test method</b></td>
<td><b>Attribute(s)</b></td>
<td width="30%"><b>Exception</b></td>
<td width="10%"><b>Time (seconds)</b></td>
<td><b>Instance</b></td>
</tr>
<tr>
<td title='allTest.AutoTest.getA_Quote()'><b>getA_Quote</b><br>Test class: allTest.AutoTest<br/>
<a href="#Output-2066537223" onClick='toggleBox("Output-2066537223", this, "Show output", "Hide output");'>Show output</a>

<a href="#Output-2066537223" onClick="toggleAllBoxes();">Show all outputs</a>
<div class='log' id="Output-2066537223">
[[FirefoxDriver: firefox on MAC (2a0900f5-fc05-46a8-82c6-9640653d0555)] -> xpath: //*[text()='Create an affordable price, just for you']] <<<Inner Text : Create an affordable price, just for you<b><br/>
[[FirefoxDriver: firefox on MAC (2a0900f5-fc05-46a8-82c6-9640653d0555)] -> name: productName] Has been clicked<b><br/>
[[FirefoxDriver: firefox on MAC (2a0900f5-fc05-46a8-82c6-9640653d0555)] -> id: quote-main-zip-code-input]<<< value inserted: 19082<b><br/>
[[FirefoxDriver: firefox on MAC (2a0900f5-fc05-46a8-82c6-9640653d0555)] -> id: quote-main-zip-btn] Has been clicked<b><br/>
[[FirefoxDriver: firefox on MAC (2a0900f5-fc05-46a8-82c6-9640653d0555)] -> xpath: //h1[@class='-oneX-heading--h1 -oneX-font--bold margin0']] <<<Inner Text : Let's create your<br>Personal Price Plan<sup>TM</sup><b><br/>
[[FirefoxDriver: firefox on MAC (2a0900f5-fc05-46a8-82c6-9640653d0555)] -> id: first_name]<<< value inserted: Shumi<b><br/>
[[FirefoxDriver: firefox on MAC (2a0900f5-fc05-46a8-82c6-9640653d0555)] -> id: middle_name]<<< value inserted: R<b><br/>
[[FirefoxDriver: firefox on MAC (2a0900f5-fc05-46a8-82c6-9640653d0555)] -> id: last_name]<<< value inserted: Akter<b><br/>
[[FirefoxDriver: firefox on MAC (2a0900f5-fc05-46a8-82c6-9640653d0555)] -> id: suffix_name]<<<< Select : Jr<b><br/>
[[FirefoxDriver: firefox on MAC (2a0900f5-fc05-46a8-82c6-9640653d0555)] -> id: street1]<<< value inserted: 7120 sellers Ave<b><br/>
[[FirefoxDriver: firefox on MAC (2a0900f5-fc05-46a8-82c6-9640653d0555)] -> id: street2]<<< value inserted: 2nd<b><br/>
[[FirefoxDriver: firefox on MAC (2a0900f5-fc05-46a8-82c6-9640653d0555)] -> id: date_of_birth]<<< value inserted: 10201978<b><br/>
</div>
</td>
<td><div><pre>org.openqa.selenium.ElementClickInterceptedException: Element &lt;button id=&quot;btnContinue&quot; class=&quot;-oneX-btn-large -oneX-btn-primary&quot; name=&quot;nextVehicles&quot; type=&quot;submit&quot;&gt; is not clickable at point (452,711) because another element &lt;p id=&quot;optpara&quot;&gt; obscures it
Build info: version: &apos;4.8.3&apos;, revision: &apos;e5e76298c3&apos;
System info: os.name: &apos;Mac OS X&apos;, os.arch: &apos;x86_64&apos;, os.version: &apos;12.6.3&apos;, java.version: &apos;17.0.4&apos;
Driver info: org.openqa.selenium.firefox.FirefoxDriver
Command: [2a0900f5-fc05-46a8-82c6-9640653d0555, clickElement {id=8e1d1d24-1572-48ad-bd50-3712b42363a8}]
Capabilities {acceptInsecureCerts: true, browserName: firefox, browserVersion: 110.0.1, moz:accessibilityChecks: false, moz:buildID: 20230227191043, moz:debuggerAddress: 127.0.0.1:36303, moz:geckodriverVersion: 0.32.2, moz:headless: false, moz:platformVersion: 21.6.0, moz:processID: 25413, moz:profile: /var/folders/qk/bzgkrfp95tq..., moz:shutdownTimeout: 60000, moz:useNonSpecCompliantPointerOrigin: false, moz:webdriverClick: true, moz:windowless: false, pageLoadStrategy: normal, platformName: MAC, proxy: Proxy(), se:cdp: ws://127.0.0.1:36303/devtoo..., se:cdpVersion: 85.0, setWindowRect: true, strictFileInteractability: false, timeouts: {implicit: 0, pageLoad: 300000, script: 30000}, unhandledPromptBehavior: dismiss and notify}
Element: [[FirefoxDriver: firefox on MAC (2a0900f5-fc05-46a8-82c6-9640653d0555)] -&gt; id: btnContinue]
Session ID: 2a0900f5-fc05-46a8-82c6-9640653d0555
	at org.openqa.selenium.remote.codec.w3c.W3CHttpResponseCodec.createException(W3CHttpResponseCodec.java:200)
	at org.openqa.selenium.remote.codec.w3c.W3CHttpResponseCodec.decode(W3CHttpResponseCodec.java:133)
	at org.openqa.selenium.remote.codec.w3c.W3CHttpResponseCodec.decode(W3CHttpResponseCodec.java:53)
	at org.openqa.selenium.remote.HttpCommandExecutor.execute(HttpCommandExecutor.java:193)
	at org.openqa.selenium.remote.service.DriverCommandExecutor.invokeExecute(DriverCommandExecutor.java:183)
	at org.openqa.selenium.remote.service.DriverCommandExecutor.execute(DriverCommandExecutor.java:158)
	at org.openqa.selenium.remote.RemoteWebDriver.execute(RemoteWebDriver.java:543)
	at org.openqa.selenium.remote.RemoteWebElement.execute(RemoteWebElement.java:257)
	at org.openqa.selenium.remote.RemoteWebElement.click(RemoteWebElement.java:78)
	at org.openqa.selenium.support.pagefactory.internal.LocatingElementHandler.invoke(LocatingElementHandler.java:52)
	at jdk.proxy2/jdk.proxy2.$Proxy21.click(Unknown Source)
	at common.CommonAction.click(CommonAction.java:26)
	at object.PersonalPricePlan.clickContinueButon(PersonalPricePlan.java:92)
	at allTest.AutoTest.getA_Quote(AutoTest.java:23)
	at java.base/java.util.ArrayList.forEach(ArrayList.java:1511)
	at java.base/java.util.concurrent.FutureTask.run(FutureTask.java:264)
	at java.base/java.util.concurrent.ThreadPoolExecutor.runWorker(ThreadPoolExecutor.java:1136)
	at java.base/java.util.concurrent.ThreadPoolExecutor$Worker.run(ThreadPoolExecutor.java:635)
	at java.base/java.lang.Thread.run(Thread.java:833)
... Removed 26 stack frames</pre></div><a href='#' onClick='toggleBox("stack-trace2066537223", this, "Click to show all stack frames", "Click to hide stack frames")'>Click to show all stack frames</a>
<div class='stack-trace' id='stack-trace2066537223'><pre>org.openqa.selenium.ElementClickInterceptedException: Element &lt;button id=&quot;btnContinue&quot; class=&quot;-oneX-btn-large -oneX-btn-primary&quot; name=&quot;nextVehicles&quot; type=&quot;submit&quot;&gt; is not clickable at point (452,711) because another element &lt;p id=&quot;optpara&quot;&gt; obscures it
Build info: version: &apos;4.8.3&apos;, revision: &apos;e5e76298c3&apos;
System info: os.name: &apos;Mac OS X&apos;, os.arch: &apos;x86_64&apos;, os.version: &apos;12.6.3&apos;, java.version: &apos;17.0.4&apos;
Driver info: org.openqa.selenium.firefox.FirefoxDriver
Command: [2a0900f5-fc05-46a8-82c6-9640653d0555, clickElement {id=8e1d1d24-1572-48ad-bd50-3712b42363a8}]
Capabilities {acceptInsecureCerts: true, browserName: firefox, browserVersion: 110.0.1, moz:accessibilityChecks: false, moz:buildID: 20230227191043, moz:debuggerAddress: 127.0.0.1:36303, moz:geckodriverVersion: 0.32.2, moz:headless: false, moz:platformVersion: 21.6.0, moz:processID: 25413, moz:profile: /var/folders/qk/bzgkrfp95tq..., moz:shutdownTimeout: 60000, moz:useNonSpecCompliantPointerOrigin: false, moz:webdriverClick: true, moz:windowless: false, pageLoadStrategy: normal, platformName: MAC, proxy: Proxy(), se:cdp: ws://127.0.0.1:36303/devtoo..., se:cdpVersion: 85.0, setWindowRect: true, strictFileInteractability: false, timeouts: {implicit: 0, pageLoad: 300000, script: 30000}, unhandledPromptBehavior: dismiss and notify}
Element: [[FirefoxDriver: firefox on MAC (2a0900f5-fc05-46a8-82c6-9640653d0555)] -&gt; id: btnContinue]
Session ID: 2a0900f5-fc05-46a8-82c6-9640653d0555
	at java.base/jdk.internal.reflect.NativeConstructorAccessorImpl.newInstance0(Native Method)
	at java.base/jdk.internal.reflect.NativeConstructorAccessorImpl.newInstance(NativeConstructorAccessorImpl.java:77)
	at java.base/jdk.internal.reflect.DelegatingConstructorAccessorImpl.newInstance(DelegatingConstructorAccessorImpl.java:45)
	at java.base/java.lang.reflect.Constructor.newInstanceWithCaller(Constructor.java:499)
	at java.base/java.lang.reflect.Constructor.newInstance(Constructor.java:480)
	at org.openqa.selenium.remote.codec.w3c.W3CHttpResponseCodec.createException(W3CHttpResponseCodec.java:200)
	at org.openqa.selenium.remote.codec.w3c.W3CHttpResponseCodec.decode(W3CHttpResponseCodec.java:133)
	at org.openqa.selenium.remote.codec.w3c.W3CHttpResponseCodec.decode(W3CHttpResponseCodec.java:53)
	at org.openqa.selenium.remote.HttpCommandExecutor.execute(HttpCommandExecutor.java:193)
	at org.openqa.selenium.remote.service.DriverCommandExecutor.invokeExecute(DriverCommandExecutor.java:183)
	at org.openqa.selenium.remote.service.DriverCommandExecutor.execute(DriverCommandExecutor.java:158)
	at org.openqa.selenium.remote.RemoteWebDriver.execute(RemoteWebDriver.java:543)
	at org.openqa.selenium.remote.RemoteWebElement.execute(RemoteWebElement.java:257)
	at org.openqa.selenium.remote.RemoteWebElement.click(RemoteWebElement.java:78)
	at java.base/jdk.internal.reflect.NativeMethodAccessorImpl.invoke0(Native Method)
	at java.base/jdk.internal.reflect.NativeMethodAccessorImpl.invoke(NativeMethodAccessorImpl.java:77)
	at java.base/jdk.internal.reflect.DelegatingMethodAccessorImpl.invoke(DelegatingMethodAccessorImpl.java:43)
	at java.base/java.lang.reflect.Method.invoke(Method.java:568)
	at org.openqa.selenium.support.pagefactory.internal.LocatingElementHandler.invoke(LocatingElementHandler.java:52)
	at jdk.proxy2/jdk.proxy2.$Proxy21.click(Unknown Source)
	at common.CommonAction.click(CommonAction.java:26)
	at object.PersonalPricePlan.clickContinueButon(PersonalPricePlan.java:92)
	at allTest.AutoTest.getA_Quote(AutoTest.java:23)
	at java.base/jdk.internal.reflect.NativeMethodAccessorImpl.invoke0(Native Method)
	at java.base/jdk.internal.reflect.NativeMethodAccessorImpl.invoke(NativeMethodAccessorImpl.java:77)
	at java.base/jdk.internal.reflect.DelegatingMethodAccessorImpl.invoke(DelegatingMethodAccessorImpl.java:43)
	at java.base/java.lang.reflect.Method.invoke(Method.java:568)
	at org.testng.internal.invokers.MethodInvocationHelper.invokeMethod(MethodInvocationHelper.java:139)
	at org.testng.internal.invokers.TestInvoker.invokeMethod(TestInvoker.java:677)
	at org.testng.internal.invokers.TestInvoker.invokeTestMethod(TestInvoker.java:221)
	at org.testng.internal.invokers.MethodRunner.runInSequence(MethodRunner.java:50)
	at org.testng.internal.invokers.TestInvoker$MethodInvocationAgent.invoke(TestInvoker.java:969)
	at org.testng.internal.invokers.TestInvoker.invokeTestMethods(TestInvoker.java:194)
	at org.testng.internal.invokers.TestMethodWorker.invokeTestMethods(TestMethodWorker.java:148)
	at org.testng.internal.invokers.TestMethodWorker.run(TestMethodWorker.java:128)
	at java.base/java.util.ArrayList.forEach(ArrayList.java:1511)
	at org.testng.TestRunner.privateRun(TestRunner.java:829)
	at org.testng.TestRunner.run(TestRunner.java:602)
	at org.testng.SuiteRunner.runTest(SuiteRunner.java:437)
	at org.testng.SuiteRunner$SuiteWorker.run(SuiteRunner.java:475)
	at org.testng.internal.thread.ThreadUtil.lambda$execute$0(ThreadUtil.java:58)
	at java.base/java.util.concurrent.FutureTask.run(FutureTask.java:264)
	at java.base/java.util.concurrent.ThreadPoolExecutor.runWorker(ThreadPoolExecutor.java:1136)
	at java.base/java.util.concurrent.ThreadPoolExecutor$Worker.run(ThreadPoolExecutor.java:635)
	at java.base/java.lang.Thread.run(Thread.java:833)
</pre></div></td>
<td>14</td>
<td>allTest.AutoTest@d737b89</td></tr>
</table><p>
</body>
</html>