<?xml version="1.0" encoding="UTF-8"?>
<!-- Generated by org.testng.reporters.JUnitXMLReporter -->
<testsuite ignored="0" hostname="Shumis-Air.fios-router.home" failures="1" tests="1" name="Test2" time="0.017" errors="0" timestamp="2023-05-15T05:28:16 EDT">
  <testcase classname="AllTest.ParameterizedTest" name="getAutoTest" time="0.0">
    <failure type="org.testng.TestNGException" message="
Parameter &amp;apos;zipcode&amp;apos; is required by @Test on method getAutoTest but has not been marked @Optional or defined
in /Users/shumiakter/git/TDD_Statefarm1/parameterized..xml">
      <![CDATA[org.testng.TestNGException: 
Parameter 'zipcode' is required by @Test on method getAutoTest but has not been marked @Optional or defined
in /Users/shumiakter/git/TDD_Statefarm1/parameterized..xml
at java.base/java.util.ArrayList.forEach(ArrayList.java:1511)
... Removed 26 stack frames]]>
    </failure>
  </testcase> <!-- getAutoTest -->
</testsuite> <!-- Test2 -->
