<?xml version="1.0" encoding="UTF-8"?>
<!-- Generated by org.testng.reporters.JUnitReportReporter -->
<testsuite hostname="Shumis-Air.fios-router.home" failures="0" tests="2" name="allTest.AutoTest" time="76.131" errors="1" timestamp="2023-05-16T16:56:55 EDT" skipped="0">
  <testcase classname="allTest.AutoTest" name="getA_Quote" time="43.910"/>
  <system-out>
    <![CDATA[[[ChromeDriver: chrome on MAC (47d38e4bd94b2882cc1008a01c4993dc)] -> xpath: //*[text()='Create an affordable price, just for you']] <<<Inner Text : Create an affordable price, just for you<b>
[[ChromeDriver: chrome on MAC (47d38e4bd94b2882cc1008a01c4993dc)] -> name: productName] Has been clicked<b>
[[ChromeDriver: chrome on MAC (47d38e4bd94b2882cc1008a01c4993dc)] -> id: quote-main-zip-code-input]<<< value inserted: 19082<b>
[[ChromeDriver: chrome on MAC (47d38e4bd94b2882cc1008a01c4993dc)] -> id: quote-main-zip-btn] Has been clicked<b>
[[ChromeDriver: chrome on MAC (47d38e4bd94b2882cc1008a01c4993dc)] -> xpath: //h1[@class='-oneX-heading--h1 -oneX-font--bold margin0']] <<<Inner Text : Let's create your<br>Personal Price Plan<sup>TM</sup><b>
[[ChromeDriver: chrome on MAC (47d38e4bd94b2882cc1008a01c4993dc)] -> id: first_name]<<< value inserted: Shumi<b>
[[ChromeDriver: chrome on MAC (47d38e4bd94b2882cc1008a01c4993dc)] -> id: middle_name]<<< value inserted: R<b>
[[ChromeDriver: chrome on MAC (47d38e4bd94b2882cc1008a01c4993dc)] -> id: last_name]<<< value inserted: Akter<b>
[[ChromeDriver: chrome on MAC (47d38e4bd94b2882cc1008a01c4993dc)] -> id: suffix_name]<<<< Select : Jr<b>
[[ChromeDriver: chrome on MAC (47d38e4bd94b2882cc1008a01c4993dc)] -> id: street1]<<< value inserted: 7120 sellers Ave<b>
[[ChromeDriver: chrome on MAC (47d38e4bd94b2882cc1008a01c4993dc)] -> id: street2]<<< value inserted: 2nd<b>
[[ChromeDriver: chrome on MAC (47d38e4bd94b2882cc1008a01c4993dc)] -> id: date_of_birth]<<< value inserted: 10201978<b>
[[ChromeDriver: chrome on MAC (47d38e4bd94b2882cc1008a01c4993dc)] -> id: btnContinue] Has been clicked<b>
[[ChromeDriver: chrome on MAC (47d38e4bd94b2882cc1008a01c4993dc)] -> xpath: //h1[text()='Vehicles']] <<<Inner Text : Vehicles<b>
[[ChromeDriver: chrome on MAC (47d38e4bd94b2882cc1008a01c4993dc)] -> id: h3Title] <<< Inner Text : Add up to 4 vehicles<b>
[[ChromeDriver: chrome on MAC (47d38e4bd94b2882cc1008a01c4993dc)] -> id: addVehicleButton] Has been clicked<b>
[[ChromeDriver: chrome on MAC (47d38e4bd94b2882cc1008a01c4993dc)] -> xpath: //select[@id='sfx_vehicles[0].motorVehicle.ymmb.year_input']]<<<< Select : 2020<b>
[[ChromeDriver: chrome on MAC (47d38e4bd94b2882cc1008a01c4993dc)] -> xpath: //span[contains(text(),'Please provide make,')]] <<<Inner Text : Please provide make, model and body style, or Vehicle Identification Number (VIN).<b>
[[ChromeDriver: chrome on MAC (47d38e4bd94b2882cc1008a01c4993dc)] -> xpath: //select[@id='sfx_vehicles[0].motorVehicle.ymmb.make_input']]<<<< Select : BMW<b>
[[ChromeDriver: chrome on MAC (47d38e4bd94b2882cc1008a01c4993dc)] -> xpath: //select[@id='sfx_vehicles[0].motorVehicle.ymmb.model_input']]<<<< Select : M2<b>
[[ChromeDriver: chrome on MAC (47d38e4bd94b2882cc1008a01c4993dc)] -> xpath: //select[@id='sfx_vehicles[0].motorVehicle.ymmb.bodyStyle_input']]<<<< Select : COMPETITION 2D CPE GAS<b>]]>
  </system-out>
  <testcase classname="allTest.AutoTest" name="getA_Quote" time="32.221">
    <error message="Element &lt;button id=&quot;btnContinue&quot; class=&quot;-oneX-btn-large -oneX-btn-primary&quot; name=&quot;nextVehicles&quot; type=&quot;submit&quot;&gt; is not clickable at point (452,711) because another element &lt;p id=&quot;optpara&quot;&gt; obscures it
Build info: version: &#039;4.8.3&#039;, revision: &#039;e5e76298c3&#039;
System info: os.name: &#039;Mac OS X&#039;, os.arch: &#039;x86_64&#039;, os.version: &#039;12.6.3&#039;, java.version: &#039;17.0.4&#039;
Driver info: org.openqa.selenium.firefox.FirefoxDriver
Command: [2a0900f5-fc05-46a8-82c6-9640653d0555, clickElement {id=8e1d1d24-1572-48ad-bd50-3712b42363a8}]
Capabilities {acceptInsecureCerts: true, browserName: firefox, browserVersion: 110.0.1, moz:accessibilityChecks: false, moz:buildID: 20230227191043, moz:debuggerAddress: 127.0.0.1:36303, moz:geckodriverVersion: 0.32.2, moz:headless: false, moz:platformVersion: 21.6.0, moz:processID: 25413, moz:profile: /var/folders/qk/bzgkrfp95tq..., moz:shutdownTimeout: 60000, moz:useNonSpecCompliantPointerOrigin: false, moz:webdriverClick: true, moz:windowless: false, pageLoadStrategy: normal, platformName: MAC, proxy: Proxy(), se:cdp: ws://127.0.0.1:36303/devtoo..., se:cdpVersion: 85.0, setWindowRect: true, strictFileInteractability: false, timeouts: {implicit: 0, pageLoad: 300000, script: 30000}, unhandledPromptBehavior: dismiss and notify}
Element: [[FirefoxDriver: firefox on MAC (2a0900f5-fc05-46a8-82c6-9640653d0555)] -&gt; id: btnContinue]
Session ID: 2a0900f5-fc05-46a8-82c6-9640653d0555" type="org.openqa.selenium.ElementClickInterceptedException">
      <![CDATA[org.openqa.selenium.ElementClickInterceptedException: Element <button id="btnContinue" class="-oneX-btn-large -oneX-btn-primary" name="nextVehicles" type="submit"> is not clickable at point (452,711) because another element <p id="optpara"> obscures it
Build info: version: '4.8.3', revision: 'e5e76298c3'
System info: os.name: 'Mac OS X', os.arch: 'x86_64', os.version: '12.6.3', java.version: '17.0.4'
Driver info: org.openqa.selenium.firefox.FirefoxDriver
Command: [2a0900f5-fc05-46a8-82c6-9640653d0555, clickElement {id=8e1d1d24-1572-48ad-bd50-3712b42363a8}]
Capabilities {acceptInsecureCerts: true, browserName: firefox, browserVersion: 110.0.1, moz:accessibilityChecks: false, moz:buildID: 20230227191043, moz:debuggerAddress: 127.0.0.1:36303, moz:geckodriverVersion: 0.32.2, moz:headless: false, moz:platformVersion: 21.6.0, moz:processID: 25413, moz:profile: /var/folders/qk/bzgkrfp95tq..., moz:shutdownTimeout: 60000, moz:useNonSpecCompliantPointerOrigin: false, moz:webdriverClick: true, moz:windowless: false, pageLoadStrategy: normal, platformName: MAC, proxy: Proxy(), se:cdp: ws://127.0.0.1:36303/devtoo..., se:cdpVersion: 85.0, setWindowRect: true, strictFileInteractability: false, timeouts: {implicit: 0, pageLoad: 300000, script: 30000}, unhandledPromptBehavior: dismiss and notify}
Element: [[FirefoxDriver: firefox on MAC (2a0900f5-fc05-46a8-82c6-9640653d0555)] -> id: btnContinue]
Session ID: 2a0900f5-fc05-46a8-82c6-9640653d0555
at java.base/jdk.internal.reflect.NativeConstructorAccessorImpl.newInstance0(Native Method)
at java.base/jdk.internal.reflect.NativeConstructorAccessorImpl.newInstance(NativeConstructorAccessorImpl.java:77)
at java.base/jdk.internal.reflect.DelegatingConstructorAccessorImpl.newInstance(DelegatingConstructorAccessorImpl.java:45)
at java.base/java.lang.reflect.Constructor.newInstanceWithCaller(Constructor.java:499)
at java.base/java.lang.reflect.Constructor.newInstance(Constructor.java:480)
at org.openqa.selenium.remote.codec.w3c.W3CHttpResponseCodec.createException(W3CHttpResponseCodec.java:200)
at org.openqa.selenium.remote.codec.w3c.W3CHttpResponseCodec.decode(W3CHttpResponseCodec.java:133)
at org.openqa.selenium.remote.codec.w3c.W3CHttpResponseCodec.decode(W3CHttpResponseCodec.java:53)
at org.openqa.selenium.remote.HttpCommandExecutor.execute(HttpCommandExecutor.java:193)
at org.openqa.selenium.remote.service.DriverCommandExecutor.invokeExecute(DriverCommandExecutor.java:183)
at org.openqa.selenium.remote.service.DriverCommandExecutor.execute(DriverCommandExecutor.java:158)
at org.openqa.selenium.remote.RemoteWebDriver.execute(RemoteWebDriver.java:543)
at org.openqa.selenium.remote.RemoteWebElement.execute(RemoteWebElement.java:257)
at org.openqa.selenium.remote.RemoteWebElement.click(RemoteWebElement.java:78)
at java.base/jdk.internal.reflect.NativeMethodAccessorImpl.invoke0(Native Method)
at java.base/jdk.internal.reflect.NativeMethodAccessorImpl.invoke(NativeMethodAccessorImpl.java:77)
at java.base/jdk.internal.reflect.DelegatingMethodAccessorImpl.invoke(DelegatingMethodAccessorImpl.java:43)
at java.base/java.lang.reflect.Method.invoke(Method.java:568)
at org.openqa.selenium.support.pagefactory.internal.LocatingElementHandler.invoke(LocatingElementHandler.java:52)
at jdk.proxy2/jdk.proxy2.$Proxy21.click(Unknown Source)
at common.CommonAction.click(CommonAction.java:26)
at object.PersonalPricePlan.clickContinueButon(PersonalPricePlan.java:92)
at allTest.AutoTest.getA_Quote(AutoTest.java:23)
at java.base/jdk.internal.reflect.NativeMethodAccessorImpl.invoke0(Native Method)
at java.base/jdk.internal.reflect.NativeMethodAccessorImpl.invoke(NativeMethodAccessorImpl.java:77)
at java.base/jdk.internal.reflect.DelegatingMethodAccessorImpl.invoke(DelegatingMethodAccessorImpl.java:43)
at java.base/java.lang.reflect.Method.invoke(Method.java:568)
at org.testng.internal.invokers.MethodInvocationHelper.invokeMethod(MethodInvocationHelper.java:139)
at org.testng.internal.invokers.TestInvoker.invokeMethod(TestInvoker.java:677)
at org.testng.internal.invokers.TestInvoker.invokeTestMethod(TestInvoker.java:221)
at org.testng.internal.invokers.MethodRunner.runInSequence(MethodRunner.java:50)
at org.testng.internal.invokers.TestInvoker$MethodInvocationAgent.invoke(TestInvoker.java:969)
at org.testng.internal.invokers.TestInvoker.invokeTestMethods(TestInvoker.java:194)
at org.testng.internal.invokers.TestMethodWorker.invokeTestMethods(TestMethodWorker.java:148)
at org.testng.internal.invokers.TestMethodWorker.run(TestMethodWorker.java:128)
at java.base/java.util.ArrayList.forEach(ArrayList.java:1511)
at org.testng.TestRunner.privateRun(TestRunner.java:829)
at org.testng.TestRunner.run(TestRunner.java:602)
at org.testng.SuiteRunner.runTest(SuiteRunner.java:437)
at org.testng.SuiteRunner$SuiteWorker.run(SuiteRunner.java:475)
at org.testng.internal.thread.ThreadUtil.lambda$execute$0(ThreadUtil.java:58)
at java.base/java.util.concurrent.FutureTask.run(FutureTask.java:264)
at java.base/java.util.concurrent.ThreadPoolExecutor.runWorker(ThreadPoolExecutor.java:1136)
at java.base/java.util.concurrent.ThreadPoolExecutor$Worker.run(ThreadPoolExecutor.java:635)
at java.base/java.lang.Thread.run(Thread.java:833)
]]>
    </error>
  </testcase> <!-- getA_Quote -->
  <system-out>
    <![CDATA[[[FirefoxDriver: firefox on MAC (2a0900f5-fc05-46a8-82c6-9640653d0555)] -> xpath: //*[text()='Create an affordable price, just for you']] <<<Inner Text : Create an affordable price, just for you<b>
[[FirefoxDriver: firefox on MAC (2a0900f5-fc05-46a8-82c6-9640653d0555)] -> name: productName] Has been clicked<b>
[[FirefoxDriver: firefox on MAC (2a0900f5-fc05-46a8-82c6-9640653d0555)] -> id: quote-main-zip-code-input]<<< value inserted: 19082<b>
[[FirefoxDriver: firefox on MAC (2a0900f5-fc05-46a8-82c6-9640653d0555)] -> id: quote-main-zip-btn] Has been clicked<b>
[[FirefoxDriver: firefox on MAC (2a0900f5-fc05-46a8-82c6-9640653d0555)] -> xpath: //h1[@class='-oneX-heading--h1 -oneX-font--bold margin0']] <<<Inner Text : Let's create your<br>Personal Price Plan<sup>TM</sup><b>
[[FirefoxDriver: firefox on MAC (2a0900f5-fc05-46a8-82c6-9640653d0555)] -> id: first_name]<<< value inserted: Shumi<b>
[[FirefoxDriver: firefox on MAC (2a0900f5-fc05-46a8-82c6-9640653d0555)] -> id: middle_name]<<< value inserted: R<b>
[[FirefoxDriver: firefox on MAC (2a0900f5-fc05-46a8-82c6-9640653d0555)] -> id: last_name]<<< value inserted: Akter<b>
[[FirefoxDriver: firefox on MAC (2a0900f5-fc05-46a8-82c6-9640653d0555)] -> id: suffix_name]<<<< Select : Jr<b>
[[FirefoxDriver: firefox on MAC (2a0900f5-fc05-46a8-82c6-9640653d0555)] -> id: street1]<<< value inserted: 7120 sellers Ave<b>
[[FirefoxDriver: firefox on MAC (2a0900f5-fc05-46a8-82c6-9640653d0555)] -> id: street2]<<< value inserted: 2nd<b>
[[FirefoxDriver: firefox on MAC (2a0900f5-fc05-46a8-82c6-9640653d0555)] -> id: date_of_birth]<<< value inserted: 10201978<b>]]>
  </system-out>
</testsuite> <!-- allTest.AutoTest -->
