<?xml version="1.0" encoding="UTF-8"?>
<!-- Generated by org.testng.reporters.JUnitReportReporter -->
<testsuite hostname="Shumis-Air.fios-router.home" failures="2" tests="2" name="AllTest.FailedTest" time="108.738" errors="0" timestamp="2023-05-16T16:22:38 EDT" skipped="0">
  <testcase classname="AllTest.FailedTest" name="getA_Quote" time="46.157">
    <failure message="null" type="java.lang.AssertionError">
      <![CDATA[java.lang.AssertionError: null
at org.testng.Assert.fail(Assert.java:110)
at org.testng.Assert.fail(Assert.java:115)
at AllTest.FailedTest.getA_Quote(FailedTest.java:23)
at java.base/jdk.internal.reflect.NativeMethodAccessorImpl.invoke0(Native Method)
at java.base/jdk.internal.reflect.NativeMethodAccessorImpl.invoke(NativeMethodAccessorImpl.java:77)
at java.base/jdk.internal.reflect.DelegatingMethodAccessorImpl.invoke(DelegatingMethodAccessorImpl.java:43)
at java.base/java.lang.reflect.Method.invoke(Method.java:568)
at org.testng.internal.invokers.MethodInvocationHelper.invokeMethod(MethodInvocationHelper.java:139)
at org.testng.internal.invokers.TestInvoker.invokeMethod(TestInvoker.java:677)
at org.testng.internal.invokers.TestInvoker.invokeTestMethod(TestInvoker.java:221)
at org.testng.internal.invokers.MethodRunner.runInSequence(MethodRunner.java:50)
at org.testng.internal.invokers.TestInvoker$MethodInvocationAgent.invoke(TestInvoker.java:969)
at org.testng.internal.invokers.TestInvoker.invokeTestMethods(TestInvoker.java:194)
at org.testng.internal.invokers.TestMethodWorker.invokeTestMethods(TestMethodWorker.java:148)
at org.testng.internal.invokers.TestMethodWorker.run(TestMethodWorker.java:128)
at java.base/java.util.ArrayList.forEach(ArrayList.java:1511)
at org.testng.TestRunner.privateRun(TestRunner.java:829)
at org.testng.TestRunner.run(TestRunner.java:602)
at org.testng.SuiteRunner.runTest(SuiteRunner.java:437)
at org.testng.SuiteRunner$SuiteWorker.run(SuiteRunner.java:475)
at org.testng.internal.thread.ThreadUtil.lambda$execute$0(ThreadUtil.java:58)
at java.base/java.util.concurrent.FutureTask.run(FutureTask.java:264)
at java.base/java.util.concurrent.ThreadPoolExecutor.runWorker(ThreadPoolExecutor.java:1136)
at java.base/java.util.concurrent.ThreadPoolExecutor$Worker.run(ThreadPoolExecutor.java:635)
at java.base/java.lang.Thread.run(Thread.java:833)
]]>
    </failure>
  </testcase> <!-- getA_Quote -->
  <system-out>
    <![CDATA[[[ChromeDriver: chrome on MAC (d583501e97e3aa6663f4bc561b570387)] -> xpath: //*[text()='Create an affordable price, just for you']] <<<Inner Text : Create an affordable price, just for you<b>
[[ChromeDriver: chrome on MAC (d583501e97e3aa6663f4bc561b570387)] -> name: productName] Has been clicked<b>
[[ChromeDriver: chrome on MAC (d583501e97e3aa6663f4bc561b570387)] -> id: quote-main-zip-code-input]<<< value inserted: 19082<b>
[[ChromeDriver: chrome on MAC (d583501e97e3aa6663f4bc561b570387)] -> id: quote-main-zip-btn] Has been clicked<b>
[[ChromeDriver: chrome on MAC (d583501e97e3aa6663f4bc561b570387)] -> xpath: //h1[@class='-oneX-heading--h1 -oneX-font--bold margin0']] <<<Inner Text : Let's create your<br>Personal Price Plan<sup>TM</sup><b>
[[ChromeDriver: chrome on MAC (d583501e97e3aa6663f4bc561b570387)] -> id: first_name]<<< value inserted: Shumi<b>
[[ChromeDriver: chrome on MAC (d583501e97e3aa6663f4bc561b570387)] -> id: middle_name]<<< value inserted: R<b>
[[ChromeDriver: chrome on MAC (d583501e97e3aa6663f4bc561b570387)] -> id: last_name]<<< value inserted: Akter<b>
[[ChromeDriver: chrome on MAC (d583501e97e3aa6663f4bc561b570387)] -> id: suffix_name]<<<< Select : Jr<b>
[[ChromeDriver: chrome on MAC (d583501e97e3aa6663f4bc561b570387)] -> id: street1]<<< value inserted: 7120 sellers Ave<b>
[[ChromeDriver: chrome on MAC (d583501e97e3aa6663f4bc561b570387)] -> id: street2]<<< value inserted: 2nd<b>
[[ChromeDriver: chrome on MAC (d583501e97e3aa6663f4bc561b570387)] -> id: date_of_birth]<<< value inserted: 10201978<b>]]>
  </system-out>
  <testcase classname="AllTest.FailedTest" name="getA_Quote" time="62.581">
    <failure message="null" type="java.lang.AssertionError">
      <![CDATA[java.lang.AssertionError: null
at org.testng.Assert.fail(Assert.java:110)
at org.testng.Assert.fail(Assert.java:115)
at AllTest.FailedTest.getA_Quote(FailedTest.java:23)
at java.base/jdk.internal.reflect.NativeMethodAccessorImpl.invoke0(Native Method)
at java.base/jdk.internal.reflect.NativeMethodAccessorImpl.invoke(NativeMethodAccessorImpl.java:77)
at java.base/jdk.internal.reflect.DelegatingMethodAccessorImpl.invoke(DelegatingMethodAccessorImpl.java:43)
at java.base/java.lang.reflect.Method.invoke(Method.java:568)
at org.testng.internal.invokers.MethodInvocationHelper.invokeMethod(MethodInvocationHelper.java:139)
at org.testng.internal.invokers.TestInvoker.invokeMethod(TestInvoker.java:677)
at org.testng.internal.invokers.TestInvoker.invokeTestMethod(TestInvoker.java:221)
at org.testng.internal.invokers.MethodRunner.runInSequence(MethodRunner.java:50)
at org.testng.internal.invokers.TestInvoker$MethodInvocationAgent.invoke(TestInvoker.java:969)
at org.testng.internal.invokers.TestInvoker.invokeTestMethods(TestInvoker.java:194)
at org.testng.internal.invokers.TestMethodWorker.invokeTestMethods(TestMethodWorker.java:148)
at org.testng.internal.invokers.TestMethodWorker.run(TestMethodWorker.java:128)
at java.base/java.util.ArrayList.forEach(ArrayList.java:1511)
at org.testng.TestRunner.privateRun(TestRunner.java:829)
at org.testng.TestRunner.run(TestRunner.java:602)
at org.testng.SuiteRunner.runTest(SuiteRunner.java:437)
at org.testng.SuiteRunner$SuiteWorker.run(SuiteRunner.java:475)
at org.testng.internal.thread.ThreadUtil.lambda$execute$0(ThreadUtil.java:58)
at java.base/java.util.concurrent.FutureTask.run(FutureTask.java:264)
at java.base/java.util.concurrent.ThreadPoolExecutor.runWorker(ThreadPoolExecutor.java:1136)
at java.base/java.util.concurrent.ThreadPoolExecutor$Worker.run(ThreadPoolExecutor.java:635)
at java.base/java.lang.Thread.run(Thread.java:833)
]]>
    </failure>
  </testcase> <!-- getA_Quote -->
  <system-out>
    <![CDATA[[[FirefoxDriver: firefox on MAC (4590b4ed-20c4-4bbb-a384-009d3d09bbf0)] -> xpath: //*[text()='Create an affordable price, just for you']] <<<Inner Text : Create an affordable price, just for you<b>
[[FirefoxDriver: firefox on MAC (4590b4ed-20c4-4bbb-a384-009d3d09bbf0)] -> name: productName] Has been clicked<b>
[[FirefoxDriver: firefox on MAC (4590b4ed-20c4-4bbb-a384-009d3d09bbf0)] -> id: quote-main-zip-code-input]<<< value inserted: 19082<b>
Proxy element for: DefaultElementLocator 'By.id: quote-main-zip-btn' Has been clicked<b>
[[FirefoxDriver: firefox on MAC (4590b4ed-20c4-4bbb-a384-009d3d09bbf0)] -> xpath: //h1[@class='-oneX-heading--h1 -oneX-font--bold margin0']] <<<Inner Text : Let's create your<br>Personal Price Plan<sup>TM</sup><b>
[[FirefoxDriver: firefox on MAC (4590b4ed-20c4-4bbb-a384-009d3d09bbf0)] -> id: first_name]<<< value inserted: Shumi<b>
[[FirefoxDriver: firefox on MAC (4590b4ed-20c4-4bbb-a384-009d3d09bbf0)] -> id: middle_name]<<< value inserted: R<b>
[[FirefoxDriver: firefox on MAC (4590b4ed-20c4-4bbb-a384-009d3d09bbf0)] -> id: last_name]<<< value inserted: Akter<b>
[[FirefoxDriver: firefox on MAC (4590b4ed-20c4-4bbb-a384-009d3d09bbf0)] -> id: suffix_name]<<<< Select : Jr<b>
[[FirefoxDriver: firefox on MAC (4590b4ed-20c4-4bbb-a384-009d3d09bbf0)] -> id: street1]<<< value inserted: 7120 sellers Ave<b>
[[FirefoxDriver: firefox on MAC (4590b4ed-20c4-4bbb-a384-009d3d09bbf0)] -> id: street2]<<< value inserted: 2nd<b>
[[FirefoxDriver: firefox on MAC (4590b4ed-20c4-4bbb-a384-009d3d09bbf0)] -> id: date_of_birth]<<< value inserted: 10201978<b>]]>
  </system-out>
</testsuite> <!-- AllTest.FailedTest -->
