<?xml version="1.0" encoding="UTF-8"?>
<!-- Generated by org.testng.reporters.JUnitReportReporter -->
<testsuite hostname="Shumis-Air.fios-router.home" failures="1" tests="1" name="allTest.FailedTest" time="20.584" errors="0" timestamp="2023-05-16T18:07:37 EDT" skipped="0">
  <testcase classname="allTest.FailedTest" name="getA_Quote" time="20.584">
    <failure message="null" type="java.lang.AssertionError">
      <![CDATA[java.lang.AssertionError: null
at org.testng.Assert.fail(Assert.java:110)
at org.testng.Assert.fail(Assert.java:115)
at allTest.FailedTest.getA_Quote(FailedTest.java:23)
at java.base/jdk.internal.reflect.NativeMethodAccessorImpl.invoke0(Native Method)
at java.base/jdk.internal.reflect.NativeMethodAccessorImpl.invoke(NativeMethodAccessorImpl.java:77)
at java.base/jdk.internal.reflect.DelegatingMethodAccessorImpl.invoke(DelegatingMethodAccessorImpl.java:43)
at java.base/java.lang.reflect.Method.invoke(Method.java:568)
at org.testng.internal.invokers.MethodInvocationHelper.invokeMethod(MethodInvocationHelper.java:139)
at org.testng.internal.invokers.TestInvoker.invokeMethod(TestInvoker.java:677)
at org.testng.internal.invokers.TestInvoker.invokeTestMethod(TestInvoker.java:221)
at org.testng.internal.invokers.MethodRunner.runInSequence(MethodRunner.java:50)
at org.testng.internal.invokers.TestInvoker$MethodInvocationAgent.invoke(TestInvoker.java:969)
at org.testng.internal.invokers.TestInvoker.invokeTestMethods(TestInvoker.java:194)
at org.testng.internal.invokers.TestMethodWorker.invokeTestMethods(TestMethodWorker.java:148)
at org.testng.internal.invokers.TestMethodWorker.run(TestMethodWorker.java:128)
at java.base/java.util.ArrayList.forEach(ArrayList.java:1511)
at org.testng.TestRunner.privateRun(TestRunner.java:829)
at org.testng.TestRunner.run(TestRunner.java:602)
at org.testng.SuiteRunner.runTest(SuiteRunner.java:437)
at org.testng.SuiteRunner.runSequentially(SuiteRunner.java:431)
at org.testng.SuiteRunner.privateRun(SuiteRunner.java:391)
at org.testng.SuiteRunner.run(SuiteRunner.java:330)
at org.testng.SuiteRunnerWorker.runSuite(SuiteRunnerWorker.java:52)
at org.testng.SuiteRunnerWorker.run(SuiteRunnerWorker.java:95)
at org.testng.TestNG.runSuitesSequentially(TestNG.java:1256)
at org.testng.TestNG.runSuitesLocally(TestNG.java:1176)
at org.testng.TestNG.runSuites(TestNG.java:1099)
at org.testng.TestNG.run(TestNG.java:1067)
at org.testng.remote.AbstractRemoteTestNG.run(AbstractRemoteTestNG.java:115)
at org.testng.remote.RemoteTestNG.initAndRun(RemoteTestNG.java:251)
at org.testng.remote.RemoteTestNG.main(RemoteTestNG.java:77)
]]>
    </failure>
  </testcase> <!-- getA_Quote -->
  <system-out>
    <![CDATA[[[ChromeDriver: chrome on MAC (6e3b431f43492c3826532cafec1a84c1)] -> xpath: //*[text()='Create an affordable price, just for you']] <<<Inner Text : Create an affordable price, just for you<b>
[[ChromeDriver: chrome on MAC (6e3b431f43492c3826532cafec1a84c1)] -> name: productName] Has been clicked<b>
[[ChromeDriver: chrome on MAC (6e3b431f43492c3826532cafec1a84c1)] -> id: quote-main-zip-code-input]<<< value inserted: 19082<b>
[[ChromeDriver: chrome on MAC (6e3b431f43492c3826532cafec1a84c1)] -> id: quote-main-zip-btn] Has been clicked<b>
[[ChromeDriver: chrome on MAC (6e3b431f43492c3826532cafec1a84c1)] -> xpath: //h1[@class='-oneX-heading--h1 -oneX-font--bold margin0']] <<<Inner Text : Let's create your<br>Personal Price Plan<sup>TM</sup><b>
[[ChromeDriver: chrome on MAC (6e3b431f43492c3826532cafec1a84c1)] -> id: first_name]<<< value inserted: Shumi<b>
[[ChromeDriver: chrome on MAC (6e3b431f43492c3826532cafec1a84c1)] -> id: middle_name]<<< value inserted: R<b>
[[ChromeDriver: chrome on MAC (6e3b431f43492c3826532cafec1a84c1)] -> id: last_name]<<< value inserted: Akter<b>
[[ChromeDriver: chrome on MAC (6e3b431f43492c3826532cafec1a84c1)] -> id: suffix_name]<<<< Select : Jr<b>
[[ChromeDriver: chrome on MAC (6e3b431f43492c3826532cafec1a84c1)] -> id: street1]<<< value inserted: 7120 sellers Ave<b>
[[ChromeDriver: chrome on MAC (6e3b431f43492c3826532cafec1a84c1)] -> id: street2]<<< value inserted: 2nd<b>
[[ChromeDriver: chrome on MAC (6e3b431f43492c3826532cafec1a84c1)] -> id: date_of_birth]<<< value inserted: 10201978<b>]]>
  </system-out>
</testsuite> <!-- allTest.FailedTest -->
